<?xml version="1.0" encoding="UTF-8"?>
<!-- Generated by org.testng.reporters.JUnitReportReporter -->
<testsuite hostname="DESKTOP-7SUM208" failures="0" tests="1" name="testCases.TC010_Managa_cunsolting" time="20.273" errors="0" timestamp="2025-05-29T11:40:29 IST" skipped="0">
  <testcase classname="testCases.TC010_Managa_cunsolting" name="manageCunsolting" time="20.273">
    <system-out>
      <![CDATA[******* Starting TC010_Managa_cunsolting ******
Clicked on secrch text field...
Service enter into search text field...
Clicked on service...
Clicked on add button...
Clicked on Proceed to Details button..
Clicked on confirm Consultation button...
******* Finshed TC010_Managa_cunsolting ******]]>
    </system-out>
  </testcase> <!-- manageCunsolting -->
  <system-out>
    <![CDATA[Browser got launched...
Clicked on Profile logo...
Providing moblile number...
Providing OTP...
Validating expected message...
succefully naviget to Home page...
******* Starting TC009_Cunsolting ******
Search for service...
Clicked on secrch text field...
Service enter into search text field...
Clicked on service...
Clicked on add button...
Clicked on Proceed button..
Clicked on confirm Consultation button...
******* Finshed TC009_Cunsolting ******
Logout successfull...
Browser got closed...
Browser got launched...
Clicked on Profile logo...
Providing moblile number...
Providing OTP...
Validating expected message...
succefully naviget to Home page...
******* Starting TC010_Managa_cunsolting ******
Clicked on secrch text field...
Service enter into search text field...
Clicked on service...
Clicked on add button...
Clicked on Proceed to Details button..
Clicked on confirm Consultation button...
******* Finshed TC010_Managa_cunsolting ******
Logout successfull...
Browser got closed...
Browser got launched...
Clicked on Profile logo...
Providing moblile number...
Providing OTP...
Validating expected message...
succefully naviget to Home page...
******* Starting TC011_Booking ******
Search for service...
Clicked on secrch text field...
Service enter into search text field...
Clicked on service...
Clicked on add button...
Clicked on add button...
Clicked on done button...
Clicked on view cart button...
Clicked on select date & time button...
Select time...
Clicked on proceed button...
Clicked on confirm & book now button...
******* Finshed TC011_Booking ******
Logout successfull...
Browser got closed...]]>
  </system-out>
</testsuite> <!-- testCases.TC010_Managa_cunsolting -->
